<?xml version="1.0" encoding="UTF-8" ?>
<testsuite tests="1" failures="0" name="runner.TestRunner" time="57.482" errors="1" skipped="0">
  <properties>
    <property name="idea.version" value="2022.3.3"/>
    <property name="java.runtime.name" value="Java(TM) SE Runtime Environment"/>
    <property name="java.vm.version" value="20+36-2344"/>
    <property name="sun.boot.library.path" value="C:\Program Files\Java\jdk-20\bin"/>
    <property name="maven.multiModuleProjectDirectory" value="C:\Users\Mohla\IdeaProjects\FormedixRyzeAutomationFramework"/>
    <property name="java.vm.vendor" value="Oracle Corporation"/>
    <property name="java.vendor.url" value="https://java.oracle.com/"/>
    <property name="guice.disable.misplaced.annotation.check" value="true"/>
    <property name="path.separator" value=";"/>
    <property name="java.vm.name" value="Java HotSpot(TM) 64-Bit Server VM"/>
    <property name="sun.os.patch.level" value=""/>
    <property name="user.script" value=""/>
    <property name="user.country" value="ZA"/>
    <property name="sun.java.launcher" value="SUN_STANDARD"/>
    <property name="java.vm.specification.name" value="Java Virtual Machine Specification"/>
    <property name="user.dir" value="C:\Users\Mohla\IdeaProjects\FormedixRyzeAutomationFramework"/>
    <property name="java.vm.compressedOopsMode" value="32-bit"/>
    <property name="java.runtime.version" value="20+36-2344"/>
    <property name="os.arch" value="amd64"/>
    <property name="java.io.tmpdir" value="C:\Users\Mohla\AppData\Local\Temp\"/>
    <property name="line.separator" value="
"/>
    <property name="java.vm.specification.vendor" value="Oracle Corporation"/>
    <property name="user.variant" value=""/>
    <property name="stderr.encoding" value="UTF-8"/>
    <property name="os.name" value="Windows 11"/>
    <property name="maven.ext.class.path" value="C:\Program Files\JetBrains\IntelliJ IDEA Community Edition 2022.3.3\plugins\maven\lib\maven-event-listener.jar"/>
    <property name="classworlds.conf" value="C:\Program Files\JetBrains\IntelliJ IDEA Community Edition 2022.3.3\plugins\maven\lib\maven3\bin\m2.conf"/>
    <property name="sun.jnu.encoding" value="Cp1252"/>
    <property name="stdout.encoding" value="UTF-8"/>
    <property name="java.library.path" value="C:\Program Files\Java\jdk-20\bin;C:\WINDOWS\Sun\Java\bin;C:\WINDOWS\system32;C:\WINDOWS;C:\Program Files\Common Files\Oracle\Java\javapath;C:\Program Files (x86)\Common Files\Oracle\Java\javapath;C:\WINDOWS\system32;C:\WINDOWS;C:\WINDOWS\System32\Wbem;C:\WINDOWS\System32\WindowsPowerShell\v1.0\;C:\WINDOWS\System32\OpenSSH\;C:\Program Files\Git\cmd;C:\Users\Mohla\AppData\Local\Microsoft\WindowsApps;C:\Users\Mohla\AppData\Local\GitHubDesktop\bin;."/>
    <property name="jansi.passthrough" value="true"/>
    <property name="maven.conf" value="C:\Program Files\JetBrains\IntelliJ IDEA Community Edition 2022.3.3\plugins\maven\lib\maven3/conf"/>
    <property name="jdk.debug" value="release"/>
    <property name="java.class.version" value="64.0"/>
    <property name="java.specification.name" value="Java Platform API Specification"/>
    <property name="sun.management.compiler" value="HotSpot 64-Bit Tiered Compilers"/>
    <property name="os.version" value="10.0"/>
    <property name="user.home" value="C:\Users\Mohla"/>
    <property name="user.timezone" value="Africa/Johannesburg"/>
    <property name="file.encoding" value="UTF-8"/>
    <property name="java.specification.version" value="20"/>
    <property name="user.name" value="Mohla"/>
    <property name="java.class.path" value="C:\Program Files\JetBrains\IntelliJ IDEA Community Edition 2022.3.3\plugins\maven\lib\maven3\boot\plexus-classworlds-2.6.0.jar;C:\Program Files\JetBrains\IntelliJ IDEA Community Edition 2022.3.3\plugins\maven\lib\maven3\boot\plexus-classworlds.license"/>
    <property name="java.vm.specification.version" value="20"/>
    <property name="sun.arch.data.model" value="64"/>
    <property name="sun.java.command" value="org.codehaus.classworlds.Launcher -Didea.version=2022.3.3 install"/>
    <property name="java.home" value="C:\Program Files\Java\jdk-20"/>
    <property name="user.language" value="en"/>
    <property name="java.specification.vendor" value="Oracle Corporation"/>
    <property name="java.vm.info" value="mixed mode, sharing"/>
    <property name="java.version" value="20"/>
    <property name="native.encoding" value="Cp1252"/>
    <property name="java.vendor" value="Oracle Corporation"/>
    <property name="sun.stderr.encoding" value="UTF-8"/>
    <property name="maven.home" value="C:\Program Files\JetBrains\IntelliJ IDEA Community Edition 2022.3.3\plugins\maven\lib\maven3"/>
    <property name="file.separator" value="\"/>
    <property name="java.version.date" value="2023-03-21"/>
    <property name="java.vendor.url.bug" value="https://bugreport.java.com/bugreport/"/>
    <property name="sun.io.unicode.encoding" value="UnicodeLittle"/>
    <property name="sun.cpu.endian" value="little"/>
    <property name="sun.stdout.encoding" value="UTF-8"/>
    <property name="sun.cpu.isalist" value="amd64"/>
  </properties>
  <testcase classname="Update Medical History" name="As a user I want to login to Ryze application and update the medical history description" time="57.482">
    <error message="element click intercepted: Element &lt;button ng-show=&quot;$ctrl.mode === &apos;edit&apos; &amp;amp;&amp;amp; !$ctrl.loadDetailedPanel&quot; ng-disabled=&quot;!$ctrl.hasChanges&quot; class=&quot;btn btn-default btn-compact btn-primary&quot; id=&quot;saveAsset&quot; ng-click=&quot;$ctrl.save()&quot; style=&quot;&quot; disabled=&quot;disabled&quot;&gt;...&lt;/button&gt; is not clickable at point (1244, 532). Other element would receive the click: &lt;div class=&quot;mdb-edit-content-properties-buttons&quot; ng-if=&quot;$ctrl.activeTab === &apos;properties&apos;&quot; style=&quot;&quot;&gt;...&lt;/div&gt;
  (Session info: chrome=113.0.5672.93)
Build info: version: &apos;4.9.1&apos;, revision: &apos;eb2032df7f&apos;
System info: os.name: &apos;Windows 11&apos;, os.arch: &apos;amd64&apos;, os.version: &apos;10.0&apos;, java.version: &apos;20&apos;
Driver info: org.openqa.selenium.chrome.ChromeDriver
Command: [fbfc549d76bd59cbec744d03e997f209, clickElement {id=228149AFB753E51EA116724DAEE99901_element_200}]
Capabilities {acceptInsecureCerts: false, browserName: chrome, browserVersion: 113.0.5672.93, chrome: {chromedriverVersion: 113.0.5672.63 (0e1a4471d5ae..., userDataDir: C:\Users\Mohla\AppData\Loca...}, goog:chromeOptions: {debuggerAddress: localhost:57894}, networkConnectionEnabled: false, pageLoadStrategy: normal, platformName: windows, proxy: Proxy(), se:cdp: ws://localhost:57894/devtoo..., se:cdpVersion: 113.0.5672.93, setWindowRect: true, strictFileInteractability: false, timeouts: {implicit: 0, pageLoad: 300000, script: 30000}, unhandledPromptBehavior: dismiss and notify, webauthn:extension:credBlob: true, webauthn:extension:largeBlob: true, webauthn:extension:minPinLength: true, webauthn:extension:prf: true, webauthn:virtualAuthenticators: true}
Element: [[ChromeDriver: chrome on windows (fbfc549d76bd59cbec744d03e997f209)] -&gt; id: saveAsset]
Session ID: fbfc549d76bd59cbec744d03e997f209" type="org.openqa.selenium.ElementClickInterceptedException">org.openqa.selenium.ElementClickInterceptedException: element click intercepted: Element &lt;button ng-show=&quot;$ctrl.mode === &apos;edit&apos; &amp;amp;&amp;amp; !$ctrl.loadDetailedPanel&quot; ng-disabled=&quot;!$ctrl.hasChanges&quot; class=&quot;btn btn-default btn-compact btn-primary&quot; id=&quot;saveAsset&quot; ng-click=&quot;$ctrl.save()&quot; style=&quot;&quot; disabled=&quot;disabled&quot;&gt;...&lt;/button&gt; is not clickable at point (1244, 532). Other element would receive the click: &lt;div class=&quot;mdb-edit-content-properties-buttons&quot; ng-if=&quot;$ctrl.activeTab === &apos;properties&apos;&quot; style=&quot;&quot;&gt;...&lt;/div&gt;
  (Session info: chrome=113.0.5672.93)
Build info: version: &apos;4.9.1&apos;, revision: &apos;eb2032df7f&apos;
System info: os.name: &apos;Windows 11&apos;, os.arch: &apos;amd64&apos;, os.version: &apos;10.0&apos;, java.version: &apos;20&apos;
Driver info: org.openqa.selenium.chrome.ChromeDriver
Command: [fbfc549d76bd59cbec744d03e997f209, clickElement {id=228149AFB753E51EA116724DAEE99901_element_200}]
Capabilities {acceptInsecureCerts: false, browserName: chrome, browserVersion: 113.0.5672.93, chrome: {chromedriverVersion: 113.0.5672.63 (0e1a4471d5ae..., userDataDir: C:\Users\Mohla\AppData\Loca...}, goog:chromeOptions: {debuggerAddress: localhost:57894}, networkConnectionEnabled: false, pageLoadStrategy: normal, platformName: windows, proxy: Proxy(), se:cdp: ws://localhost:57894/devtoo..., se:cdpVersion: 113.0.5672.93, setWindowRect: true, strictFileInteractability: false, timeouts: {implicit: 0, pageLoad: 300000, script: 30000}, unhandledPromptBehavior: dismiss and notify, webauthn:extension:credBlob: true, webauthn:extension:largeBlob: true, webauthn:extension:minPinLength: true, webauthn:extension:prf: true, webauthn:virtualAuthenticators: true}
Element: [[ChromeDriver: chrome on windows (fbfc549d76bd59cbec744d03e997f209)] -&gt; id: saveAsset]
Session ID: fbfc549d76bd59cbec744d03e997f209
	at java.base/jdk.internal.reflect.DirectConstructorHandleAccessor.newInstance(DirectConstructorHandleAccessor.java:67)
	at java.base/java.lang.reflect.Constructor.newInstanceWithCaller(Constructor.java:500)
	at java.base/java.lang.reflect.Constructor.newInstance(Constructor.java:484)
	at org.openqa.selenium.remote.codec.w3c.W3CHttpResponseCodec.createException(W3CHttpResponseCodec.java:200)
	at org.openqa.selenium.remote.codec.w3c.W3CHttpResponseCodec.decode(W3CHttpResponseCodec.java:133)
	at org.openqa.selenium.remote.codec.w3c.W3CHttpResponseCodec.decode(W3CHttpResponseCodec.java:53)
	at org.openqa.selenium.remote.HttpCommandExecutor.execute(HttpCommandExecutor.java:193)
	at org.openqa.selenium.remote.service.DriverCommandExecutor.invokeExecute(DriverCommandExecutor.java:183)
	at org.openqa.selenium.remote.service.DriverCommandExecutor.execute(DriverCommandExecutor.java:158)
	at org.openqa.selenium.remote.RemoteWebDriver.execute(RemoteWebDriver.java:543)
	at org.openqa.selenium.remote.RemoteWebElement.execute(RemoteWebElement.java:257)
	at org.openqa.selenium.remote.RemoteWebElement.click(RemoteWebElement.java:78)
	at pageObject.FormsPage.clickMedicalHistoryUpdateBtn(FormsPage.java:26)
	at StepDefinitions.UpdateMedicalHistoryDescriptionStepDef.iClickOnTheUpdateButton(UpdateMedicalHistoryDescriptionStepDef.java:138)
	at ✽.I click on the Update button(file:///C:/Users/Mohla/IdeaProjects/FormedixRyzeAutomationFramework/src/test/java/featureFiles/UpdateMedicalHistoryDescription.feature:19)
</error>
    <system-out>
@test1
Scenario Outline: As a user I want to login to Ryze application and update the medical history description         &amp;#27;[90m# src/test/java/featureFiles/UpdateMedicalHistoryDescription.feature:28&amp;#27;[0m
  &amp;#27;[32mGiven &amp;#27;[0m&amp;#27;[32mRyze website is open and I am on a login page open on &amp;#27;[0m&amp;#27;[32m&amp;#27;[1m&quot;Chrome&quot;&amp;#27;[0m&amp;#27;[32m &amp;#27;[0m&amp;#27;[32m&amp;#27;[1m&quot;QA&quot;&amp;#27;[0m                                        &amp;#27;[90m# StepDefinitions.UpdateMedicalHistoryDescriptionStepDef.ryze_website_is_open_and_i_am_on_a_login_page_open_on(java.lang.String,java.lang.String)&amp;#27;[0m
  &amp;#27;[32mWhen &amp;#27;[0m&amp;#27;[32mI login with &amp;#27;[0m&amp;#27;[32m&amp;#27;[1m&quot;testteamtechtest&quot;&amp;#27;[0m&amp;#27;[32m and &amp;#27;[0m&amp;#27;[32m&amp;#27;[1m&quot;Ryz3T3st!x&quot;&amp;#27;[0m&amp;#27;[32m credentials&amp;#27;[0m                                                &amp;#27;[90m# StepDefinitions.UpdateMedicalHistoryDescriptionStepDef.i_login_with_and_credentials(java.lang.String,java.lang.String)&amp;#27;[0m
  &amp;#27;[32mThen &amp;#27;[0m&amp;#27;[32mI click on Login button&amp;#27;[0m                                                                                     &amp;#27;[90m# StepDefinitions.UpdateMedicalHistoryDescriptionStepDef.i_click_on_login_button()&amp;#27;[0m
  &amp;#27;[32mAnd &amp;#27;[0m&amp;#27;[32mI click on the Repository button&amp;#27;[0m                                                                             &amp;#27;[90m# StepDefinitions.UpdateMedicalHistoryDescriptionStepDef.iClickOnTheRepositoryButton()&amp;#27;[0m
  &amp;#27;[32mAnd &amp;#27;[0m&amp;#27;[32mI click on the Studies option&amp;#27;[0m                                                                                &amp;#27;[90m# StepDefinitions.UpdateMedicalHistoryDescriptionStepDef.iClickOnTheStudiesOption()&amp;#27;[0m
  &amp;#27;[32mAnd &amp;#27;[0m&amp;#27;[32mI click on the Tech Study menu bar&amp;#27;[0m                                                                           &amp;#27;[90m# StepDefinitions.UpdateMedicalHistoryDescriptionStepDef.iClickOnTheTechStudyMenuBar()&amp;#27;[0m
  &amp;#27;[32mAnd &amp;#27;[0m&amp;#27;[32mI verify the Tech Study options &amp;#27;[0m&amp;#27;[32m&amp;#27;[1m&quot;View&quot;&amp;#27;[0m&amp;#27;[32m &amp;#27;[0m&amp;#27;[32m&amp;#27;[1m&quot;Edit&quot;&amp;#27;[0m&amp;#27;[32m &amp;#27;[0m&amp;#27;[32m&amp;#27;[1m&quot;Remove this study&quot;&amp;#27;[0m&amp;#27;[32m &amp;#27;[0m&amp;#27;[32m&amp;#27;[1m&quot;Transition this study&quot;&amp;#27;[0m                    &amp;#27;[90m# StepDefinitions.UpdateMedicalHistoryDescriptionStepDef.iVerifyTheTechStudyOptions(java.lang.String,java.lang.String,java.lang.String,java.lang.String)&amp;#27;[0m
  &amp;#27;[32mAnd &amp;#27;[0m&amp;#27;[32mI click on the View button&amp;#27;[0m                                                                                   &amp;#27;[90m# StepDefinitions.UpdateMedicalHistoryDescriptionStepDef.iClickOnTheViewButton()&amp;#27;[0m
  &amp;#27;[32mAnd &amp;#27;[0m&amp;#27;[32mI click on the Data Acquisition button&amp;#27;[0m                                                                       &amp;#27;[90m# StepDefinitions.UpdateMedicalHistoryDescriptionStepDef.iClickOnTheDataAcquisitionButton()&amp;#27;[0m
  &amp;#27;[32mAnd &amp;#27;[0m&amp;#27;[32mI click on forms option under assets&amp;#27;[0m                                                                         &amp;#27;[90m# StepDefinitions.UpdateMedicalHistoryDescriptionStepDef.iClickOnFormsOptionUnderAssets()&amp;#27;[0m
  &amp;#27;[32mAnd &amp;#27;[0m&amp;#27;[32mI click on the Medical History option&amp;#27;[0m                                                                        &amp;#27;[90m# StepDefinitions.UpdateMedicalHistoryDescriptionStepDef.iClickOnTheMedicalHistoryOption()&amp;#27;[0m
  &amp;#27;[32mAnd &amp;#27;[0m&amp;#27;[32mI click on the Edit Form button&amp;#27;[0m                                                                              &amp;#27;[90m# StepDefinitions.UpdateMedicalHistoryDescriptionStepDef.iClickOnTheEditFormButton()&amp;#27;[0m
  &amp;#27;[32mAnd &amp;#27;[0m&amp;#27;[32mI clear the Description text box&amp;#27;[0m                                                                             &amp;#27;[90m# StepDefinitions.UpdateMedicalHistoryDescriptionStepDef.iClearTheDescriptionTextBox()&amp;#27;[0m
  &amp;#27;[32mAnd &amp;#27;[0m&amp;#27;[32mI capture the Description &amp;#27;[0m&amp;#27;[32m&amp;#27;[1m&quot;This description was updated by Kgothatso Collen Mohlala&quot;&amp;#27;[0m                         &amp;#27;[90m# StepDefinitions.UpdateMedicalHistoryDescriptionStepDef.iCaptureTheDescription(java.lang.String)&amp;#27;[0m
  &amp;#27;[31mAnd &amp;#27;[0m&amp;#27;[31mI click on the Update button&amp;#27;[0m                                                                                 &amp;#27;[90m# StepDefinitions.UpdateMedicalHistoryDescriptionStepDef.iClickOnTheUpdateButton()&amp;#27;[0m
      &amp;#27;[31morg.openqa.selenium.ElementClickInterceptedException: element click intercepted: Element &lt;button ng-show=&quot;$ctrl.mode === &apos;edit&apos; &amp;amp;&amp;amp; !$ctrl.loadDetailedPanel&quot; ng-disabled=&quot;!$ctrl.hasChanges&quot; class=&quot;btn btn-default btn-compact btn-primary&quot; id=&quot;saveAsset&quot; ng-click=&quot;$ctrl.save()&quot; style=&quot;&quot; disabled=&quot;disabled&quot;&gt;...&lt;/button&gt; is not clickable at point (1244, 532). Other element would receive the click: &lt;div class=&quot;mdb-edit-content-properties-buttons&quot; ng-if=&quot;$ctrl.activeTab === &apos;properties&apos;&quot; style=&quot;&quot;&gt;...&lt;/div&gt;
  (Session info: chrome=113.0.5672.93)
Build info: version: &apos;4.9.1&apos;, revision: &apos;eb2032df7f&apos;
System info: os.name: &apos;Windows 11&apos;, os.arch: &apos;amd64&apos;, os.version: &apos;10.0&apos;, java.version: &apos;20&apos;
Driver info: org.openqa.selenium.chrome.ChromeDriver
Command: [fbfc549d76bd59cbec744d03e997f209, clickElement {id=228149AFB753E51EA116724DAEE99901_element_200}]
Capabilities {acceptInsecureCerts: false, browserName: chrome, browserVersion: 113.0.5672.93, chrome: {chromedriverVersion: 113.0.5672.63 (0e1a4471d5ae..., userDataDir: C:\Users\Mohla\AppData\Loca...}, goog:chromeOptions: {debuggerAddress: localhost:57894}, networkConnectionEnabled: false, pageLoadStrategy: normal, platformName: windows, proxy: Proxy(), se:cdp: ws://localhost:57894/devtoo..., se:cdpVersion: 113.0.5672.93, setWindowRect: true, strictFileInteractability: false, timeouts: {implicit: 0, pageLoad: 300000, script: 30000}, unhandledPromptBehavior: dismiss and notify, webauthn:extension:credBlob: true, webauthn:extension:largeBlob: true, webauthn:extension:minPinLength: true, webauthn:extension:prf: true, webauthn:virtualAuthenticators: true}
Element: [[ChromeDriver: chrome on windows (fbfc549d76bd59cbec744d03e997f209)] -&gt; id: saveAsset]
Session ID: fbfc549d76bd59cbec744d03e997f209
	at java.base/jdk.internal.reflect.DirectConstructorHandleAccessor.newInstance(DirectConstructorHandleAccessor.java:67)
	at java.base/java.lang.reflect.Constructor.newInstanceWithCaller(Constructor.java:500)
	at java.base/java.lang.reflect.Constructor.newInstance(Constructor.java:484)
	at org.openqa.selenium.remote.codec.w3c.W3CHttpResponseCodec.createException(W3CHttpResponseCodec.java:200)
	at org.openqa.selenium.remote.codec.w3c.W3CHttpResponseCodec.decode(W3CHttpResponseCodec.java:133)
	at org.openqa.selenium.remote.codec.w3c.W3CHttpResponseCodec.decode(W3CHttpResponseCodec.java:53)
	at org.openqa.selenium.remote.HttpCommandExecutor.execute(HttpCommandExecutor.java:193)
	at org.openqa.selenium.remote.service.DriverCommandExecutor.invokeExecute(DriverCommandExecutor.java:183)
	at org.openqa.selenium.remote.service.DriverCommandExecutor.execute(DriverCommandExecutor.java:158)
	at org.openqa.selenium.remote.RemoteWebDriver.execute(RemoteWebDriver.java:543)
	at org.openqa.selenium.remote.RemoteWebElement.execute(RemoteWebElement.java:257)
	at org.openqa.selenium.remote.RemoteWebElement.click(RemoteWebElement.java:78)
	at pageObject.FormsPage.clickMedicalHistoryUpdateBtn(FormsPage.java:26)
	at StepDefinitions.UpdateMedicalHistoryDescriptionStepDef.iClickOnTheUpdateButton(UpdateMedicalHistoryDescriptionStepDef.java:138)
	at ✽.I click on the Update button(file:///C:/Users/Mohla/IdeaProjects/FormedixRyzeAutomationFramework/src/test/java/featureFiles/UpdateMedicalHistoryDescription.feature:19)
&amp;#27;[0m
  &amp;#27;[36mAnd &amp;#27;[0m&amp;#27;[36mI verify that the textbox is updated successfully &amp;#27;[0m&amp;#27;[36m&amp;#27;[1m&quot;This description was updated by Kgothatso Collen Mohlala&quot;&amp;#27;[0m &amp;#27;[90m# StepDefinitions.UpdateMedicalHistoryDescriptionStepDef.iVerifyThatTheTextboxIsUpdatedSuccessfully(java.lang.String)&amp;#27;[0m
  &amp;#27;[36mAnd &amp;#27;[0m&amp;#27;[36mI click on the profile&amp;#27;[0m                                                                                       &amp;#27;[90m# StepDefinitions.UpdateMedicalHistoryDescriptionStepDef.iClickOnTheProfile()&amp;#27;[0m
  &amp;#27;[36mAnd &amp;#27;[0m&amp;#27;[36mI click on Logout option&amp;#27;[0m                                                                                     &amp;#27;[90m# StepDefinitions.UpdateMedicalHistoryDescriptionStepDef.iClickOnLogoutOption()&amp;#27;[0m
  &amp;#27;[36mAnd &amp;#27;[0m&amp;#27;[36mI verify that the Ryze Logo is displayed&amp;#27;[0m                                                                     &amp;#27;[90m# StepDefinitions.UpdateMedicalHistoryDescriptionStepDef.iVerifyThatTheRyzeLogoIsDisplayed()&amp;#27;[0m

    Embedding As a user I want to login to Ryze application and update the medical history description [image/png 160461 bytes]

</system-out>
    <system-err>Starting ChromeDriver 113.0.5672.63 (0e1a4471d5ae5bf128b1bd8f4d627c8cbd55f70c-refs/branch-heads/5672@{#912}) on port 47780
Only local connections are allowed.
Please see https://chromedriver.chromium.org/security-considerations for suggestions on keeping ChromeDriver safe.
ChromeDriver was started successfully.
</system-err>
  </testcase>
</testsuite>